<?xml version="1.0" encoding="UTF-8"?>
<!-- Generated by org.testng.reporters.JUnitXMLReporter -->
<testsuite hostname="DESKTOP-R42SAQB" name="Default test" tests="3" failures="0" timestamp="30 Dec 2017 09:44:48 GMT" time="1.194" errors="0">
  <testcase name="testAddLoginLog" time="0.088" classname="com.smart.service.UserServiceTest"/>
  <testcase name="testFindUserByUserName" time="0.045" classname="com.smart.service.UserServiceTest"/>
  <testcase name="testHasMatchUser" time="0.005" classname="com.smart.service.UserServiceTest"/>
</testsuite> <!-- Default test -->
