<?xml version="1.0" encoding="UTF-8"?>
<testng-results skipped="0" failed="0" total="3" passed="3">
  <reporter-output>
  </reporter-output>
  <suite name="Default suite" duration-ms="1194" started-at="2017-12-30T09:44:46Z" finished-at="2017-12-30T09:44:48Z">
    <groups>
    </groups>
    <test name="Default test" duration-ms="1194" started-at="2017-12-30T09:44:46Z" finished-at="2017-12-30T09:44:48Z">
      <class name="com.smart.service.UserServiceTest">
        <test-method status="PASS" signature="springTestContextBeforeTestClass()[pri:0, instance:com.smart.service.UserServiceTest@3aeaafa6]" name="springTestContextBeforeTestClass" is-config="true" duration-ms="7" started-at="2017-12-30T17:44:46Z" finished-at="2017-12-30T17:44:46Z">
          <reporter-output>
          </reporter-output>
        </test-method> <!-- springTestContextBeforeTestClass -->
        <test-method status="PASS" signature="springTestContextPrepareTestInstance()[pri:0, instance:com.smart.service.UserServiceTest@3aeaafa6]" name="springTestContextPrepareTestInstance" is-config="true" duration-ms="765" started-at="2017-12-30T17:44:46Z" depends-on-methods="org.springframework.test.context.testng.AbstractTestNGSpringContextTests.springTestContextBeforeTestClass" finished-at="2017-12-30T17:44:47Z">
          <reporter-output>
          </reporter-output>
        </test-method> <!-- springTestContextPrepareTestInstance -->
        <test-method status="PASS" signature="springTestContextBeforeTestMethod(java.lang.reflect.Method)[pri:0, instance:com.smart.service.UserServiceTest@3aeaafa6]" name="springTestContextBeforeTestMethod" is-config="true" duration-ms="238" started-at="2017-12-30T17:44:47Z" finished-at="2017-12-30T17:44:47Z">
          <params>
            <param index="0">
              <value>
                <![CDATA[public void com.smart.service.UserServiceTest.testAddLoginLog()]]>
              </value>
            </param>
          </params>
          <reporter-output>
          </reporter-output>
        </test-method> <!-- springTestContextBeforeTestMethod -->
        <test-method status="PASS" signature="testAddLoginLog()[pri:0, instance:com.smart.service.UserServiceTest@3aeaafa6]" name="testAddLoginLog" duration-ms="88" started-at="2017-12-30T17:44:47Z" finished-at="2017-12-30T17:44:47Z">
          <reporter-output>
          </reporter-output>
        </test-method> <!-- testAddLoginLog -->
        <test-method status="PASS" signature="springTestContextAfterTestMethod(java.lang.reflect.Method)[pri:0, instance:com.smart.service.UserServiceTest@3aeaafa6]" name="springTestContextAfterTestMethod" is-config="true" duration-ms="25" started-at="2017-12-30T17:44:47Z" finished-at="2017-12-30T17:44:47Z">
          <params>
            <param index="0">
              <value>
                <![CDATA[public void com.smart.service.UserServiceTest.testAddLoginLog()]]>
              </value>
            </param>
          </params>
          <reporter-output>
          </reporter-output>
        </test-method> <!-- springTestContextAfterTestMethod -->
        <test-method status="PASS" signature="springTestContextBeforeTestMethod(java.lang.reflect.Method)[pri:0, instance:com.smart.service.UserServiceTest@3aeaafa6]" name="springTestContextBeforeTestMethod" is-config="true" duration-ms="3" started-at="2017-12-30T17:44:47Z" finished-at="2017-12-30T17:44:47Z">
          <params>
            <param index="0">
              <value>
                <![CDATA[public void com.smart.service.UserServiceTest.testFindUserByUserName() throws java.lang.Exception]]>
              </value>
            </param>
          </params>
          <reporter-output>
          </reporter-output>
        </test-method> <!-- springTestContextBeforeTestMethod -->
        <test-method status="PASS" signature="testFindUserByUserName()[pri:0, instance:com.smart.service.UserServiceTest@3aeaafa6]" name="testFindUserByUserName" duration-ms="45" started-at="2017-12-30T17:44:47Z" finished-at="2017-12-30T17:44:48Z">
          <reporter-output>
          </reporter-output>
        </test-method> <!-- testFindUserByUserName -->
        <test-method status="PASS" signature="springTestContextAfterTestMethod(java.lang.reflect.Method)[pri:0, instance:com.smart.service.UserServiceTest@3aeaafa6]" name="springTestContextAfterTestMethod" is-config="true" duration-ms="2" started-at="2017-12-30T17:44:48Z" finished-at="2017-12-30T17:44:48Z">
          <params>
            <param index="0">
              <value>
                <![CDATA[public void com.smart.service.UserServiceTest.testFindUserByUserName() throws java.lang.Exception]]>
              </value>
            </param>
          </params>
          <reporter-output>
          </reporter-output>
        </test-method> <!-- springTestContextAfterTestMethod -->
        <test-method status="PASS" signature="springTestContextBeforeTestMethod(java.lang.reflect.Method)[pri:0, instance:com.smart.service.UserServiceTest@3aeaafa6]" name="springTestContextBeforeTestMethod" is-config="true" duration-ms="2" started-at="2017-12-30T17:44:48Z" finished-at="2017-12-30T17:44:48Z">
          <params>
            <param index="0">
              <value>
                <![CDATA[public void com.smart.service.UserServiceTest.testHasMatchUser()]]>
              </value>
            </param>
          </params>
          <reporter-output>
          </reporter-output>
        </test-method> <!-- springTestContextBeforeTestMethod -->
        <test-method status="PASS" signature="testHasMatchUser()[pri:0, instance:com.smart.service.UserServiceTest@3aeaafa6]" name="testHasMatchUser" duration-ms="5" started-at="2017-12-30T17:44:48Z" finished-at="2017-12-30T17:44:48Z">
          <reporter-output>
          </reporter-output>
        </test-method> <!-- testHasMatchUser -->
        <test-method status="PASS" signature="springTestContextAfterTestMethod(java.lang.reflect.Method)[pri:0, instance:com.smart.service.UserServiceTest@3aeaafa6]" name="springTestContextAfterTestMethod" is-config="true" duration-ms="2" started-at="2017-12-30T17:44:48Z" finished-at="2017-12-30T17:44:48Z">
          <params>
            <param index="0">
              <value>
                <![CDATA[public void com.smart.service.UserServiceTest.testHasMatchUser()]]>
              </value>
            </param>
          </params>
          <reporter-output>
          </reporter-output>
        </test-method> <!-- springTestContextAfterTestMethod -->
        <test-method status="PASS" signature="springTestContextAfterTestClass()[pri:0, instance:com.smart.service.UserServiceTest@3aeaafa6]" name="springTestContextAfterTestClass" is-config="true" duration-ms="0" started-at="2017-12-30T17:44:48Z" finished-at="2017-12-30T17:44:48Z">
          <reporter-output>
          </reporter-output>
        </test-method> <!-- springTestContextAfterTestClass -->
      </class> <!-- com.smart.service.UserServiceTest -->
    </test> <!-- Default test -->
  </suite> <!-- Default suite -->
</testng-results>
